<?xml version="1.0" encoding="UTF-8"?>
<coverage generated="1779645863498" clover="3.2.0">
  <project timestamp="1779645863499" name="All files">
    <metrics statements="151" coveredstatements="96" conditionals="112" coveredconditionals="65" methods="52" coveredmethods="32" elements="315" coveredelements="193" complexity="0" loc="151" ncloc="151" packages="3" files="5" classes="5"/>
    <package name="(admin)">
      <metrics statements="25" coveredstatements="10" conditionals="21" coveredconditionals="7" methods="10" coveredmethods="3"/>
      <file name="index.tsx" path="C:\BK\Mobile\ScrapTech\app\(admin)\index.tsx">
        <metrics statements="25" coveredstatements="10" conditionals="21" coveredconditionals="7" methods="10" coveredmethods="3"/>
        <line num="23" count="1" type="stmt"/>
        <line num="31" count="2" type="cond" truecount="0" falsecount="1"/>
        <line num="32" count="2" type="stmt"/>
        <line num="34" count="2" type="stmt"/>
        <line num="35" count="2" type="cond" truecount="1" falsecount="1"/>
        <line num="36" count="2" type="stmt"/>
        <line num="39" count="0" type="stmt"/>
        <line num="42" count="2" type="stmt"/>
        <line num="55" count="8" type="stmt"/>
        <line num="57" count="8" type="stmt"/>
        <line num="64" count="0" type="stmt"/>
        <line num="91" count="0" type="stmt"/>
        <line num="101" count="0" type="stmt"/>
        <line num="103" count="0" type="cond" truecount="0" falsecount="2"/>
        <line num="106" count="0" type="stmt"/>
        <line num="109" count="0" type="stmt"/>
        <line num="136" count="0" type="cond" truecount="0" falsecount="6"/>
        <line num="138" count="0" type="stmt"/>
        <line num="144" count="0" type="stmt"/>
        <line num="150" count="0" type="stmt"/>
        <line num="156" count="0" type="stmt"/>
        <line num="162" count="0" type="stmt"/>
        <line num="168" count="0" type="stmt"/>
        <line num="177" count="0" type="stmt"/>
        <line num="184" count="1" type="stmt"/>
      </file>
    </package>
    <package name="(app)">
      <metrics statements="37" coveredstatements="29" conditionals="29" coveredconditionals="22" methods="19" coveredmethods="14"/>
      <file name="index.tsx" path="C:\BK\Mobile\ScrapTech\app\(app)\index.tsx">
        <metrics statements="29" coveredstatements="21" conditionals="23" coveredconditionals="16" methods="13" coveredmethods="8"/>
        <line num="19" count="1" type="stmt"/>
        <line num="22" count="11" type="cond" truecount="0" falsecount="1"/>
        <line num="23" count="11" type="stmt"/>
        <line num="24" count="11" type="cond" truecount="0" falsecount="1"/>
        <line num="26" count="11" type="cond" truecount="2" falsecount="0"/>
        <line num="27" count="11" type="stmt"/>
        <line num="28" count="1" type="stmt"/>
        <line num="30" count="11" type="stmt"/>
        <line num="31" count="3" type="stmt"/>
        <line num="36" count="11" type="stmt"/>
        <line num="60" count="0" type="stmt"/>
        <line num="76" count="0" type="stmt"/>
        <line num="87" count="0" type="stmt"/>
        <line num="130" count="2" type="stmt"/>
        <line num="139" count="0" type="stmt"/>
        <line num="148" count="2" type="stmt"/>
        <line num="150" count="2" type="cond" truecount="1" falsecount="1"/>
        <line num="152" count="2" type="stmt"/>
        <line num="155" count="0" type="stmt"/>
        <line num="196" count="2" type="cond" truecount="1" falsecount="2"/>
        <line num="198" count="0" type="stmt"/>
        <line num="200" count="0" type="stmt"/>
        <line num="202" count="2" type="stmt"/>
        <line num="207" count="2" type="stmt"/>
        <line num="209" count="2" type="cond" truecount="3" falsecount="1"/>
        <line num="210" count="0" type="stmt"/>
        <line num="213" count="2" type="stmt"/>
        <line num="220" count="2" type="stmt"/>
        <line num="227" count="1" type="stmt"/>
      </file>
      <file name="settings.tsx" path="C:\BK\Mobile\ScrapTech\app\(app)\settings.tsx">
        <metrics statements="8" coveredstatements="8" conditionals="6" coveredconditionals="6" methods="6" coveredmethods="6"/>
        <line num="16" count="14" type="stmt"/>
        <line num="18" count="14" type="stmt"/>
        <line num="73" count="14" type="stmt"/>
        <line num="78" count="1" type="stmt"/>
        <line num="97" count="70" type="stmt"/>
        <line num="98" count="1" type="stmt"/>
        <line num="122" count="42" type="stmt"/>
        <line num="125" count="1" type="stmt"/>
      </file>
    </package>
    <package name="(auth)">
      <metrics statements="89" coveredstatements="57" conditionals="62" coveredconditionals="36" methods="23" coveredmethods="15"/>
      <file name="login.tsx" path="C:\BK\Mobile\ScrapTech\app\(auth)\login.tsx">
        <metrics statements="29" coveredstatements="17" conditionals="21" coveredconditionals="14" methods="5" coveredmethods="3"/>
        <line num="24" count="18" type="stmt"/>
        <line num="25" count="18" type="stmt"/>
        <line num="27" count="18" type="stmt"/>
        <line num="28" count="18" type="stmt"/>
        <line num="30" count="18" type="stmt"/>
        <line num="31" count="12" type="stmt"/>
        <line num="36" count="18" type="cond" truecount="3" falsecount="0"/>
        <line num="41" count="3" type="cond" truecount="1" falsecount="1"/>
        <line num="43" count="3" type="stmt"/>
        <line num="44" count="3" type="stmt"/>
        <line num="46" count="3" type="stmt"/>
        <line num="48" count="2" type="stmt"/>
        <line num="57" count="1" type="cond" truecount="1" falsecount="1"/>
        <line num="61" count="1" type="stmt"/>
        <line num="63" count="3" type="stmt"/>
        <line num="68" count="0" type="stmt"/>
        <line num="69" count="0" type="stmt"/>
        <line num="70" count="0" type="stmt"/>
        <line num="71" count="0" type="stmt"/>
        <line num="74" count="0" type="cond" truecount="0" falsecount="2"/>
        <line num="78" count="0" type="stmt"/>
        <line num="84" count="0" type="stmt"/>
        <line num="85" count="0" type="stmt"/>
        <line num="86" count="0" type="stmt"/>
        <line num="87" count="0" type="stmt"/>
        <line num="90" count="0" type="cond" truecount="0" falsecount="2"/>
        <line num="94" count="0" type="stmt"/>
        <line num="99" count="18" type="stmt"/>
        <line num="242" count="1" type="stmt"/>
      </file>
      <file name="verify-otp.tsx" path="C:\BK\Mobile\ScrapTech\app\(auth)\verify-otp.tsx">
        <metrics statements="60" coveredstatements="40" conditionals="41" coveredconditionals="22" methods="18" coveredmethods="12"/>
        <line num="25" count="1" type="stmt"/>
        <line num="26" count="1" type="stmt"/>
        <line num="29" count="60" type="cond" truecount="3" falsecount="3"/>
        <line num="33" count="20" type="stmt"/>
        <line num="34" count="20" type="stmt"/>
        <line num="36" count="20" type="stmt"/>
        <line num="40" count="20" type="stmt"/>
        <line num="41" count="20" type="stmt"/>
        <line num="43" count="20" type="stmt"/>
        <line num="49" count="20" type="stmt"/>
        <line num="50" count="20" type="cond" truecount="2" falsecount="0"/>
        <line num="51" count="20" type="stmt"/>
        <line num="53" count="20" type="stmt"/>
        <line num="55" count="20" type="stmt"/>
        <line num="56" count="20" type="stmt"/>
        <line num="57" count="20" type="stmt"/>
        <line num="58" count="20" type="stmt"/>
        <line num="60" count="20" type="stmt"/>
        <line num="62" count="84" type="cond" truecount="2" falsecount="0"/>
        <line num="66" count="20" type="stmt"/>
        <line num="67" count="10" type="cond" truecount="1" falsecount="1"/>
        <line num="69" count="10" type="stmt"/>
        <line num="70" count="0" type="stmt"/>
        <line num="73" count="10" type="stmt"/>
        <line num="76" count="20" type="stmt"/>
        <line num="77" count="10" type="stmt"/>
        <line num="78" count="0" type="stmt"/>
        <line num="81" count="10" type="stmt"/>
        <line num="85" count="3" type="cond" truecount="1" falsecount="1"/>
        <line num="86" count="0" type="stmt"/>
        <line num="87" count="0" type="stmt"/>
        <line num="90" count="3" type="cond" truecount="1" falsecount="1"/>
        <line num="91" count="0" type="stmt"/>
        <line num="92" count="0" type="stmt"/>
        <line num="95" count="3" type="stmt"/>
        <line num="96" count="3" type="stmt"/>
        <line num="98" count="3" type="stmt"/>
        <line num="100" count="2" type="cond" truecount="2" falsecount="0"/>
        <line num="101" count="1" type="stmt"/>
        <line num="108" count="1" type="cond" truecount="1" falsecount="1"/>
        <line num="112" count="1" type="stmt"/>
        <line num="114" count="3" type="stmt"/>
        <line num="119" count="0" type="cond" truecount="0" falsecount="4"/>
        <line num="121" count="0" type="stmt"/>
        <line num="122" count="0" type="stmt"/>
        <line num="124" count="0" type="cond" truecount="0" falsecount="2"/>
        <line num="125" count="0" type="stmt"/>
        <line num="127" count="0" type="stmt"/>
        <line num="130" count="0" type="stmt"/>
        <line num="131" count="0" type="stmt"/>
        <line num="132" count="0" type="stmt"/>
        <line num="135" count="0" type="cond" truecount="0" falsecount="2"/>
        <line num="139" count="0" type="stmt"/>
        <line num="141" count="0" type="stmt"/>
        <line num="145" count="20" type="stmt"/>
        <line num="163" count="0" type="stmt"/>
        <line num="194" count="0" type="stmt"/>
        <line num="197" count="120" type="stmt"/>
        <line num="225" count="4" type="stmt"/>
        <line num="294" count="1" type="stmt"/>
      </file>
    </package>
  </project>
</coverage>
