{"C:\\BK\\Mobile\\ScrapTech\\app\\(admin)\\index.tsx": {"path":"C:\\BK\\Mobile\\ScrapTech\\app\\(admin)\\index.tsx","statementMap":{"0":{"start":{"line":23,"column":5},"end":{"line":28,"column":1}},"1":{"start":{"line":31,"column":42},"end":{"line":31,"column":72}},"2":{"start":{"line":32,"column":29},"end":{"line":32,"column":58}},"3":{"start":{"line":34,"column":23},"end":{"line":40,"column":21}},"4":{"start":{"line":35,"column":2},"end":{"line":37,"column":3}},"5":{"start":{"line":36,"column":3},"end":{"line":36,"column":17}},"6":{"start":{"line":39,"column":2},"end":{"line":39,"column":59}},"7":{"start":{"line":39,"column":34},"end":{"line":39,"column":57}},"8":{"start":{"line":42,"column":1},"end":{"line":97,"column":3}},"9":{"start":{"line":55,"column":21},"end":{"line":55,"column":42}},"10":{"start":{"line":57,"column":6},"end":{"line":75,"column":8}},"11":{"start":{"line":64,"column":23},"end":{"line":64,"column":44}},"12":{"start":{"line":91,"column":7},"end":{"line":91,"column":54}},"13":{"start":{"line":101,"column":16},"end":{"line":101,"column":51}},"14":{"start":{"line":103,"column":2},"end":{"line":104,"column":19}},"15":{"start":{"line":106,"column":1},"end":{"line":132,"column":3}},"16":{"start":{"line":109,"column":18},"end":{"line":109,"column":60}},"17":{"start":{"line":136,"column":1},"end":{"line":173,"column":2}},"18":{"start":{"line":138,"column":3},"end":{"line":142,"column":5}},"19":{"start":{"line":144,"column":3},"end":{"line":148,"column":5}},"20":{"start":{"line":150,"column":3},"end":{"line":154,"column":5}},"21":{"start":{"line":156,"column":3},"end":{"line":160,"column":5}},"22":{"start":{"line":162,"column":3},"end":{"line":166,"column":5}},"23":{"start":{"line":168,"column":3},"end":{"line":172,"column":5}},"24":{"start":{"line":177,"column":1},"end":{"line":181,"column":42}},"25":{"start":{"line":184,"column":15},"end":{"line":304,"column":2}}},"fnMap":{"0":{"name":"AdminOrdersScreen","decl":{"start":{"line":30,"column":24},"end":{"line":30,"column":41}},"loc":{"start":{"line":30,"column":44},"end":{"line":98,"column":1}},"line":30},"1":{"name":"(anonymous_1)","decl":{"start":{"line":34,"column":31},"end":{"line":34,"column":32}},"loc":{"start":{"line":34,"column":37},"end":{"line":40,"column":2}},"line":34},"2":{"name":"(anonymous_2)","decl":{"start":{"line":39,"column":23},"end":{"line":39,"column":24}},"loc":{"start":{"line":39,"column":34},"end":{"line":39,"column":57}},"line":39},"3":{"name":"(anonymous_3)","decl":{"start":{"line":54,"column":18},"end":{"line":54,"column":19}},"loc":{"start":{"line":54,"column":28},"end":{"line":76,"column":6}},"line":54},"4":{"name":"(anonymous_4)","decl":{"start":{"line":64,"column":17},"end":{"line":64,"column":18}},"loc":{"start":{"line":64,"column":23},"end":{"line":64,"column":44}},"line":64},"5":{"name":"(anonymous_5)","decl":{"start":{"line":90,"column":25},"end":{"line":90,"column":26}},"loc":{"start":{"line":91,"column":7},"end":{"line":91,"column":54}},"line":91},"6":{"name":"AdminOrderCard","decl":{"start":{"line":100,"column":9},"end":{"line":100,"column":23}},"loc":{"start":{"line":100,"column":59},"end":{"line":133,"column":1}},"line":100},"7":{"name":"(anonymous_7)","decl":{"start":{"line":109,"column":12},"end":{"line":109,"column":13}},"loc":{"start":{"line":109,"column":18},"end":{"line":109,"column":60}},"line":109},"8":{"name":"getStatusPresentation","decl":{"start":{"line":135,"column":9},"end":{"line":135,"column":30}},"loc":{"start":{"line":135,"column":62},"end":{"line":174,"column":1}},"line":135},"9":{"name":"formatLongDate","decl":{"start":{"line":176,"column":9},"end":{"line":176,"column":23}},"loc":{"start":{"line":176,"column":39},"end":{"line":182,"column":1}},"line":176}},"branchMap":{"0":{"loc":{"start":{"line":31,"column":15},"end":{"line":31,"column":26}},"type":"default-arg","locations":[{"start":{"line":31,"column":24},"end":{"line":31,"column":26}}],"line":31},"1":{"loc":{"start":{"line":35,"column":2},"end":{"line":37,"column":3}},"type":"if","locations":[{"start":{"line":35,"column":2},"end":{"line":37,"column":3}},{"start":{},"end":{}}],"line":35},"2":{"loc":{"start":{"line":62,"column":9},"end":{"line":62,"column":42}},"type":"binary-expr","locations":[{"start":{"line":62,"column":9},"end":{"line":62,"column":15}},{"start":{"line":62,"column":19},"end":{"line":62,"column":42}}],"line":62},"3":{"loc":{"start":{"line":69,"column":10},"end":{"line":69,"column":43}},"type":"binary-expr","locations":[{"start":{"line":69,"column":10},"end":{"line":69,"column":16}},{"start":{"line":69,"column":20},"end":{"line":69,"column":43}}],"line":69},"4":{"loc":{"start":{"line":79,"column":5},"end":{"line":94,"column":5}},"type":"cond-expr","locations":[{"start":{"line":80,"column":5},"end":{"line":82,"column":12}},{"start":{"line":83,"column":8},"end":{"line":94,"column":5}}],"line":79},"5":{"loc":{"start":{"line":83,"column":8},"end":{"line":94,"column":5}},"type":"cond-expr","locations":[{"start":{"line":84,"column":5},"end":{"line":87,"column":12}},{"start":{"line":89,"column":5},"end":{"line":93,"column":12}}],"line":83},"6":{"loc":{"start":{"line":103,"column":2},"end":{"line":104,"column":19}},"type":"binary-expr","locations":[{"start":{"line":103,"column":2},"end":{"line":103,"column":70}},{"start":{"line":104,"column":2},"end":{"line":104,"column":19}}],"line":103},"7":{"loc":{"start":{"line":127,"column":5},"end":{"line":129,"column":22}},"type":"cond-expr","locations":[{"start":{"line":128,"column":7},"end":{"line":128,"column":54}},{"start":{"line":129,"column":7},"end":{"line":129,"column":22}}],"line":127},"8":{"loc":{"start":{"line":136,"column":1},"end":{"line":173,"column":2}},"type":"switch","locations":[{"start":{"line":137,"column":2},"end":{"line":142,"column":5}},{"start":{"line":143,"column":2},"end":{"line":148,"column":5}},{"start":{"line":149,"column":2},"end":{"line":154,"column":5}},{"start":{"line":155,"column":2},"end":{"line":160,"column":5}},{"start":{"line":161,"column":2},"end":{"line":166,"column":5}},{"start":{"line":167,"column":2},"end":{"line":172,"column":5}}],"line":136}},"s":{"0":1,"1":2,"2":2,"3":2,"4":2,"5":2,"6":0,"7":0,"8":2,"9":8,"10":8,"11":0,"12":0,"13":0,"14":0,"15":0,"16":0,"17":0,"18":0,"19":0,"20":0,"21":0,"22":0,"23":0,"24":0,"25":1},"f":{"0":2,"1":2,"2":0,"3":8,"4":0,"5":0,"6":0,"7":0,"8":0,"9":0},"b":{"0":[0],"1":[2,0],"2":[8,2],"3":[8,2],"4":[0,2],"5":[2,0],"6":[0,0],"7":[0,0],"8":[0,0,0,0,0,0]},"_coverageSchema":"1a1c01bbd47fc00a2c39e90264f33305004495a9","hash":"f1d2f031f7ecffb85581ce15f42c48975ba2f321"}
,"C:\\BK\\Mobile\\ScrapTech\\app\\(app)\\index.tsx": {"path":"C:\\BK\\Mobile\\ScrapTech\\app\\(app)\\index.tsx","statementMap":{"0":{"start":{"line":19,"column":24},"end":{"line":19,"column":71}},"1":{"start":{"line":22,"column":42},"end":{"line":22,"column":61}},"2":{"start":{"line":23,"column":56},"end":{"line":23,"column":70}},"3":{"start":{"line":24,"column":38},"end":{"line":24,"column":58}},"4":{"start":{"line":26,"column":21},"end":{"line":26,"column":73}},"5":{"start":{"line":27,"column":31},"end":{"line":29,"column":2}},"6":{"start":{"line":28,"column":20},"end":{"line":28,"column":41}},"7":{"start":{"line":30,"column":22},"end":{"line":34,"column":2}},"8":{"start":{"line":31,"column":2},"end":{"line":33,"column":3}},"9":{"start":{"line":36,"column":1},"end":{"line":144,"column":3}},"10":{"start":{"line":60,"column":22},"end":{"line":60,"column":57}},"11":{"start":{"line":76,"column":22},"end":{"line":76,"column":51}},"12":{"start":{"line":87,"column":22},"end":{"line":87,"column":54}},"13":{"start":{"line":130,"column":7},"end":{"line":130,"column":49}},"14":{"start":{"line":139,"column":19},"end":{"line":139,"column":45}},"15":{"start":{"line":148,"column":25},"end":{"line":148,"column":77}},"16":{"start":{"line":150,"column":2},"end":{"line":150,"column":68}},"17":{"start":{"line":152,"column":1},"end":{"line":192,"column":3}},"18":{"start":{"line":155,"column":18},"end":{"line":155,"column":52}},"19":{"start":{"line":196,"column":1},"end":{"line":203,"column":2}},"20":{"start":{"line":198,"column":3},"end":{"line":198,"column":24}},"21":{"start":{"line":200,"column":3},"end":{"line":200,"column":21}},"22":{"start":{"line":202,"column":3},"end":{"line":202,"column":23}},"23":{"start":{"line":207,"column":14},"end":{"line":207,"column":46}},"24":{"start":{"line":209,"column":1},"end":{"line":211,"column":2}},"25":{"start":{"line":210,"column":2},"end":{"line":210,"column":43}},"26":{"start":{"line":213,"column":1},"end":{"line":216,"column":46}},"27":{"start":{"line":220,"column":1},"end":{"line":224,"column":42}},"28":{"start":{"line":227,"column":15},"end":{"line":483,"column":2}}},"fnMap":{"0":{"name":"MyOrdersScreen","decl":{"start":{"line":21,"column":24},"end":{"line":21,"column":38}},"loc":{"start":{"line":21,"column":41},"end":{"line":145,"column":1}},"line":21},"1":{"name":"(anonymous_1)","decl":{"start":{"line":28,"column":2},"end":{"line":28,"column":3}},"loc":{"start":{"line":28,"column":20},"end":{"line":28,"column":41}},"line":28},"2":{"name":"(anonymous_2)","decl":{"start":{"line":30,"column":36},"end":{"line":30,"column":37}},"loc":{"start":{"line":31,"column":2},"end":{"line":33,"column":3}},"line":31},"3":{"name":"(anonymous_3)","decl":{"start":{"line":60,"column":16},"end":{"line":60,"column":17}},"loc":{"start":{"line":60,"column":22},"end":{"line":60,"column":57}},"line":60},"4":{"name":"(anonymous_4)","decl":{"start":{"line":76,"column":16},"end":{"line":76,"column":17}},"loc":{"start":{"line":76,"column":22},"end":{"line":76,"column":51}},"line":76},"5":{"name":"(anonymous_5)","decl":{"start":{"line":87,"column":16},"end":{"line":87,"column":17}},"loc":{"start":{"line":87,"column":22},"end":{"line":87,"column":54}},"line":87},"6":{"name":"(anonymous_6)","decl":{"start":{"line":129,"column":24},"end":{"line":129,"column":25}},"loc":{"start":{"line":130,"column":7},"end":{"line":130,"column":49}},"line":130},"7":{"name":"(anonymous_7)","decl":{"start":{"line":139,"column":13},"end":{"line":139,"column":14}},"loc":{"start":{"line":139,"column":19},"end":{"line":139,"column":45}},"line":139},"8":{"name":"OrderCard","decl":{"start":{"line":147,"column":9},"end":{"line":147,"column":18}},"loc":{"start":{"line":147,"column":54},"end":{"line":193,"column":1}},"line":147},"9":{"name":"(anonymous_9)","decl":{"start":{"line":155,"column":12},"end":{"line":155,"column":13}},"loc":{"start":{"line":155,"column":18},"end":{"line":155,"column":52}},"line":155},"10":{"name":"getStatusLabel","decl":{"start":{"line":195,"column":9},"end":{"line":195,"column":23}},"loc":{"start":{"line":195,"column":55},"end":{"line":204,"column":1}},"line":195},"11":{"name":"formatSchedule","decl":{"start":{"line":206,"column":9},"end":{"line":206,"column":23}},"loc":{"start":{"line":206,"column":44},"end":{"line":217,"column":1}},"line":206},"12":{"name":"formatDate","decl":{"start":{"line":219,"column":9},"end":{"line":219,"column":19}},"loc":{"start":{"line":219,"column":35},"end":{"line":225,"column":1}},"line":219}},"branchMap":{"0":{"loc":{"start":{"line":22,"column":15},"end":{"line":22,"column":26}},"type":"default-arg","locations":[{"start":{"line":22,"column":24},"end":{"line":22,"column":26}}],"line":22},"1":{"loc":{"start":{"line":24,"column":15},"end":{"line":24,"column":33}},"type":"default-arg","locations":[{"start":{"line":24,"column":31},"end":{"line":24,"column":33}}],"line":24},"2":{"loc":{"start":{"line":26,"column":21},"end":{"line":26,"column":73}},"type":"binary-expr","locations":[{"start":{"line":26,"column":21},"end":{"line":26,"column":47}},{"start":{"line":26,"column":51},"end":{"line":26,"column":73}}],"line":26},"3":{"loc":{"start":{"line":52,"column":9},"end":{"line":52,"column":55}},"type":"cond-expr","locations":[{"start":{"line":52,"column":28},"end":{"line":52,"column":41}},{"start":{"line":52,"column":44},"end":{"line":52,"column":55}}],"line":52},"4":{"loc":{"start":{"line":67,"column":8},"end":{"line":69,"column":15}},"type":"cond-expr","locations":[{"start":{"line":68,"column":8},"end":{"line":68,"column":67}},{"start":{"line":69,"column":11},"end":{"line":69,"column":15}}],"line":67},"5":{"loc":{"start":{"line":111,"column":5},"end":{"line":133,"column":5}},"type":"cond-expr","locations":[{"start":{"line":112,"column":5},"end":{"line":118,"column":12}},{"start":{"line":119,"column":8},"end":{"line":133,"column":5}}],"line":111},"6":{"loc":{"start":{"line":119,"column":8},"end":{"line":133,"column":5}},"type":"cond-expr","locations":[{"start":{"line":120,"column":5},"end":{"line":126,"column":12}},{"start":{"line":128,"column":5},"end":{"line":132,"column":12}}],"line":119},"7":{"loc":{"start":{"line":150,"column":2},"end":{"line":150,"column":68}},"type":"binary-expr","locations":[{"start":{"line":150,"column":2},"end":{"line":150,"column":39}},{"start":{"line":150,"column":43},"end":{"line":150,"column":68}}],"line":150},"8":{"loc":{"start":{"line":173,"column":7},"end":{"line":175,"column":29}},"type":"cond-expr","locations":[{"start":{"line":174,"column":9},"end":{"line":174,"column":57}},{"start":{"line":175,"column":9},"end":{"line":175,"column":29}}],"line":173},"9":{"loc":{"start":{"line":196,"column":1},"end":{"line":203,"column":2}},"type":"switch","locations":[{"start":{"line":197,"column":2},"end":{"line":198,"column":24}},{"start":{"line":199,"column":2},"end":{"line":200,"column":21}},{"start":{"line":201,"column":2},"end":{"line":202,"column":23}}],"line":196},"10":{"loc":{"start":{"line":209,"column":1},"end":{"line":211,"column":2}},"type":"if","locations":[{"start":{"line":209,"column":1},"end":{"line":211,"column":2}},{"start":{},"end":{}}],"line":209},"11":{"loc":{"start":{"line":209,"column":5},"end":{"line":209,"column":59}},"type":"binary-expr","locations":[{"start":{"line":209,"column":5},"end":{"line":209,"column":31}},{"start":{"line":209,"column":35},"end":{"line":209,"column":59}}],"line":209}},"s":{"0":1,"1":11,"2":11,"3":11,"4":11,"5":11,"6":1,"7":11,"8":3,"9":11,"10":0,"11":0,"12":0,"13":2,"14":0,"15":2,"16":2,"17":2,"18":0,"19":2,"20":0,"21":0,"22":2,"23":2,"24":2,"25":0,"26":2,"27":2,"28":1},"f":{"0":11,"1":1,"2":3,"3":0,"4":0,"5":0,"6":2,"7":0,"8":2,"9":0,"10":2,"11":2,"12":2},"b":{"0":[0],"1":[0],"2":[11,1],"3":[1,10],"4":[1,10],"5":[1,10],"6":[8,2],"7":[2,0],"8":[2,0],"9":[0,0,2],"10":[0,2],"11":[2,2]},"_coverageSchema":"1a1c01bbd47fc00a2c39e90264f33305004495a9","hash":"ffeb7bc43c1afca6a7a5783a71aef40177d0211f"}
,"C:\\BK\\Mobile\\ScrapTech\\app\\(app)\\settings.tsx": {"path":"C:\\BK\\Mobile\\ScrapTech\\app\\(app)\\settings.tsx","statementMap":{"0":{"start":{"line":16,"column":16},"end":{"line":16,"column":32}},"1":{"start":{"line":18,"column":1},"end":{"line":69,"column":3}},"2":{"start":{"line":73,"column":1},"end":{"line":87,"column":3}},"3":{"start":{"line":78,"column":19},"end":{"line":78,"column":47}},"4":{"start":{"line":97,"column":1},"end":{"line":118,"column":3}},"5":{"start":{"line":98,"column":48},"end":{"line":98,"column":100}},"6":{"start":{"line":122,"column":1},"end":{"line":122,"column":40}},"7":{"start":{"line":125,"column":15},"end":{"line":214,"column":2}}},"fnMap":{"0":{"name":"SettingsScreen","decl":{"start":{"line":15,"column":24},"end":{"line":15,"column":38}},"loc":{"start":{"line":15,"column":41},"end":{"line":70,"column":1}},"line":15},"1":{"name":"ScreenHeader","decl":{"start":{"line":72,"column":9},"end":{"line":72,"column":21}},"loc":{"start":{"line":72,"column":52},"end":{"line":88,"column":1}},"line":72},"2":{"name":"(anonymous_2)","decl":{"start":{"line":78,"column":13},"end":{"line":78,"column":14}},"loc":{"start":{"line":78,"column":19},"end":{"line":78,"column":47}},"line":78},"3":{"name":"SettingRow","decl":{"start":{"line":90,"column":9},"end":{"line":90,"column":19}},"loc":{"start":{"line":96,"column":3},"end":{"line":119,"column":1}},"line":96},"4":{"name":"(anonymous_4)","decl":{"start":{"line":98,"column":41},"end":{"line":98,"column":42}},"loc":{"start":{"line":98,"column":47},"end":{"line":98,"column":101}},"line":98},"5":{"name":"Divider","decl":{"start":{"line":121,"column":9},"end":{"line":121,"column":16}},"loc":{"start":{"line":121,"column":19},"end":{"line":123,"column":1}},"line":121}},"branchMap":{"0":{"loc":{"start":{"line":105,"column":5},"end":{"line":107,"column":12}},"type":"cond-expr","locations":[{"start":{"line":106,"column":5},"end":{"line":106,"column":67}},{"start":{"line":107,"column":8},"end":{"line":107,"column":12}}],"line":105},"1":{"loc":{"start":{"line":110,"column":4},"end":{"line":112,"column":11}},"type":"cond-expr","locations":[{"start":{"line":111,"column":4},"end":{"line":111,"column":54}},{"start":{"line":112,"column":7},"end":{"line":112,"column":11}}],"line":110},"2":{"loc":{"start":{"line":114,"column":4},"end":{"line":116,"column":11}},"type":"cond-expr","locations":[{"start":{"line":115,"column":4},"end":{"line":115,"column":65}},{"start":{"line":116,"column":7},"end":{"line":116,"column":11}}],"line":114}},"s":{"0":14,"1":14,"2":14,"3":1,"4":70,"5":1,"6":42,"7":1},"f":{"0":14,"1":14,"2":1,"3":70,"4":1,"5":42},"b":{"0":[28,42],"1":[42,28],"2":[56,14]},"_coverageSchema":"1a1c01bbd47fc00a2c39e90264f33305004495a9","hash":"8e75b51682f1bf2cbb6386cb38453380008275b4"}
,"C:\\BK\\Mobile\\ScrapTech\\app\\(auth)\\login.tsx": {"path":"C:\\BK\\Mobile\\ScrapTech\\app\\(auth)\\login.tsx","statementMap":{"0":{"start":{"line":24,"column":16},"end":{"line":24,"column":32}},"1":{"start":{"line":25,"column":42},"end":{"line":25,"column":51}},"2":{"start":{"line":27,"column":27},"end":{"line":27,"column":39}},"3":{"start":{"line":28,"column":41},"end":{"line":28,"column":56}},"4":{"start":{"line":30,"column":25},"end":{"line":33,"column":2}},"5":{"start":{"line":31,"column":8},"end":{"line":31,"column":35}},"6":{"start":{"line":36,"column":2},"end":{"line":38,"column":15}},"7":{"start":{"line":41,"column":2},"end":{"line":41,"column":25}},"8":{"start":{"line":41,"column":18},"end":{"line":41,"column":25}},"9":{"start":{"line":43,"column":2},"end":{"line":64,"column":3}},"10":{"start":{"line":44,"column":3},"end":{"line":44,"column":25}},"11":{"start":{"line":46,"column":3},"end":{"line":46,"column":39}},"12":{"start":{"line":48,"column":3},"end":{"line":54,"column":6}},"13":{"start":{"line":57,"column":4},"end":{"line":59,"column":48}},"14":{"start":{"line":61,"column":3},"end":{"line":61,"column":44}},"15":{"start":{"line":63,"column":3},"end":{"line":63,"column":26}},"16":{"start":{"line":68,"column":16},"end":{"line":68,"column":37}},"17":{"start":{"line":69,"column":19},"end":{"line":69,"column":34}},"18":{"start":{"line":70,"column":2},"end":{"line":80,"column":3}},"19":{"start":{"line":71,"column":3},"end":{"line":71,"column":41}},"20":{"start":{"line":74,"column":4},"end":{"line":76,"column":50}},"21":{"start":{"line":78,"column":3},"end":{"line":78,"column":45}},"22":{"start":{"line":84,"column":16},"end":{"line":84,"column":42}},"23":{"start":{"line":85,"column":19},"end":{"line":85,"column":34}},"24":{"start":{"line":86,"column":2},"end":{"line":96,"column":3}},"25":{"start":{"line":87,"column":3},"end":{"line":87,"column":41}},"26":{"start":{"line":90,"column":4},"end":{"line":92,"column":50}},"27":{"start":{"line":94,"column":3},"end":{"line":94,"column":45}},"28":{"start":{"line":99,"column":1},"end":{"line":239,"column":3}},"29":{"start":{"line":242,"column":15},"end":{"line":317,"column":2}}},"fnMap":{"0":{"name":"LoginScreen","decl":{"start":{"line":23,"column":24},"end":{"line":23,"column":35}},"loc":{"start":{"line":23,"column":38},"end":{"line":240,"column":1}},"line":23},"1":{"name":"(anonymous_1)","decl":{"start":{"line":31,"column":2},"end":{"line":31,"column":3}},"loc":{"start":{"line":31,"column":8},"end":{"line":31,"column":35}},"line":31},"2":{"name":"handleRequestOtp","decl":{"start":{"line":40,"column":16},"end":{"line":40,"column":32}},"loc":{"start":{"line":40,"column":35},"end":{"line":65,"column":2}},"line":40},"3":{"name":"handleSellerDevLogin","decl":{"start":{"line":67,"column":16},"end":{"line":67,"column":36}},"loc":{"start":{"line":67,"column":39},"end":{"line":81,"column":2}},"line":67},"4":{"name":"handleAdminDevLogin","decl":{"start":{"line":83,"column":16},"end":{"line":83,"column":35}},"loc":{"start":{"line":83,"column":38},"end":{"line":97,"column":2}},"line":83}},"branchMap":{"0":{"loc":{"start":{"line":36,"column":2},"end":{"line":38,"column":15}},"type":"binary-expr","locations":[{"start":{"line":36,"column":2},"end":{"line":36,"column":25}},{"start":{"line":37,"column":2},"end":{"line":37,"column":37}},{"start":{"line":38,"column":2},"end":{"line":38,"column":15}}],"line":36},"1":{"loc":{"start":{"line":41,"column":2},"end":{"line":41,"column":25}},"type":"if","locations":[{"start":{"line":41,"column":2},"end":{"line":41,"column":25}},{"start":{},"end":{}}],"line":41},"2":{"loc":{"start":{"line":57,"column":4},"end":{"line":59,"column":48}},"type":"cond-expr","locations":[{"start":{"line":58,"column":7},"end":{"line":58,"column":20}},{"start":{"line":59,"column":7},"end":{"line":59,"column":48}}],"line":57},"3":{"loc":{"start":{"line":74,"column":4},"end":{"line":76,"column":50}},"type":"cond-expr","locations":[{"start":{"line":75,"column":7},"end":{"line":75,"column":20}},{"start":{"line":76,"column":7},"end":{"line":76,"column":50}}],"line":74},"4":{"loc":{"start":{"line":90,"column":4},"end":{"line":92,"column":50}},"type":"cond-expr","locations":[{"start":{"line":91,"column":7},"end":{"line":91,"column":20}},{"start":{"line":92,"column":7},"end":{"line":92,"column":50}}],"line":90},"5":{"loc":{"start":{"line":108,"column":14},"end":{"line":108,"column":59}},"type":"cond-expr","locations":[{"start":{"line":108,"column":38},"end":{"line":108,"column":47}},{"start":{"line":108,"column":50},"end":{"line":108,"column":59}}],"line":108},"6":{"loc":{"start":{"line":173,"column":8},"end":{"line":173,"column":43}},"type":"binary-expr","locations":[{"start":{"line":173,"column":8},"end":{"line":173,"column":18}},{"start":{"line":173,"column":22},"end":{"line":173,"column":43}}],"line":173},"7":{"loc":{"start":{"line":178,"column":8},"end":{"line":182,"column":8}},"type":"cond-expr","locations":[{"start":{"line":179,"column":8},"end":{"line":179,"column":42}},{"start":{"line":181,"column":8},"end":{"line":181,"column":55}}],"line":178},"8":{"loc":{"start":{"line":192,"column":8},"end":{"line":196,"column":8}},"type":"cond-expr","locations":[{"start":{"line":193,"column":8},"end":{"line":193,"column":42}},{"start":{"line":195,"column":8},"end":{"line":195,"column":83}}],"line":192},"9":{"loc":{"start":{"line":205,"column":8},"end":{"line":209,"column":8}},"type":"cond-expr","locations":[{"start":{"line":206,"column":8},"end":{"line":206,"column":42}},{"start":{"line":208,"column":8},"end":{"line":208,"column":82}}],"line":205}},"s":{"0":18,"1":18,"2":18,"3":18,"4":18,"5":12,"6":18,"7":3,"8":0,"9":3,"10":3,"11":3,"12":2,"13":1,"14":1,"15":3,"16":0,"17":0,"18":0,"19":0,"20":0,"21":0,"22":0,"23":0,"24":0,"25":0,"26":0,"27":0,"28":18,"29":1},"f":{"0":18,"1":12,"2":3,"3":0,"4":0},"b":{"0":[18,10,10],"1":[0,3],"2":[1,0],"3":[0,0],"4":[0,0],"5":[18,0],"6":[18,11],"7":[3,15],"8":[3,15],"9":[3,15]},"_coverageSchema":"1a1c01bbd47fc00a2c39e90264f33305004495a9","hash":"c3a4ed4ab8fbff817f9ece90be9b75e179bfcec4"}
,"C:\\BK\\Mobile\\ScrapTech\\app\\(auth)\\verify-otp.tsx": {"path":"C:\\BK\\Mobile\\ScrapTech\\app\\(auth)\\verify-otp.tsx","statementMap":{"0":{"start":{"line":25,"column":19},"end":{"line":25,"column":20}},"1":{"start":{"line":26,"column":23},"end":{"line":26,"column":25}},"2":{"start":{"line":29,"column":4},"end":{"line":29,"column":63}},"3":{"start":{"line":33,"column":20},"end":{"line":33,"column":44}},"4":{"start":{"line":34,"column":17},"end":{"line":34,"column":29}},"5":{"start":{"line":36,"column":4},"end":{"line":36,"column":82}},"6":{"start":{"line":40,"column":19},"end":{"line":40,"column":35}},"7":{"start":{"line":41,"column":32},"end":{"line":41,"column":41}},"8":{"start":{"line":43,"column":19},"end":{"line":47,"column":8}},"9":{"start":{"line":49,"column":18},"end":{"line":49,"column":40}},"10":{"start":{"line":50,"column":17},"end":{"line":50,"column":72}},"11":{"start":{"line":51,"column":21},"end":{"line":51,"column":46}},"12":{"start":{"line":53,"column":21},"end":{"line":53,"column":44}},"13":{"start":{"line":55,"column":26},"end":{"line":55,"column":38}},"14":{"start":{"line":56,"column":42},"end":{"line":56,"column":57}},"15":{"start":{"line":57,"column":42},"end":{"line":57,"column":57}},"16":{"start":{"line":58,"column":38},"end":{"line":58,"column":62}},"17":{"start":{"line":60,"column":22},"end":{"line":64,"column":5}},"18":{"start":{"line":62,"column":12},"end":{"line":62,"column":78}},"19":{"start":{"line":62,"column":61},"end":{"line":62,"column":77}},"20":{"start":{"line":66,"column":4},"end":{"line":74,"column":20}},"21":{"start":{"line":67,"column":8},"end":{"line":67,"column":35}},"22":{"start":{"line":67,"column":28},"end":{"line":67,"column":35}},"23":{"start":{"line":69,"column":22},"end":{"line":71,"column":16}},"24":{"start":{"line":70,"column":12},"end":{"line":70,"column":64}},"25":{"start":{"line":70,"column":38},"end":{"line":70,"column":62}},"26":{"start":{"line":73,"column":8},"end":{"line":73,"column":42}},"27":{"start":{"line":73,"column":21},"end":{"line":73,"column":41}},"28":{"start":{"line":76,"column":4},"end":{"line":82,"column":11}},"29":{"start":{"line":77,"column":24},"end":{"line":79,"column":15}},"30":{"start":{"line":78,"column":12},"end":{"line":78,"column":38}},"31":{"start":{"line":81,"column":8},"end":{"line":81,"column":43}},"32":{"start":{"line":81,"column":21},"end":{"line":81,"column":42}},"33":{"start":{"line":85,"column":8},"end":{"line":88,"column":9}},"34":{"start":{"line":86,"column":12},"end":{"line":86,"column":80}},"35":{"start":{"line":87,"column":12},"end":{"line":87,"column":19}},"36":{"start":{"line":90,"column":8},"end":{"line":93,"column":9}},"37":{"start":{"line":91,"column":12},"end":{"line":91,"column":80}},"38":{"start":{"line":92,"column":12},"end":{"line":92,"column":19}},"39":{"start":{"line":95,"column":8},"end":{"line":115,"column":9}},"40":{"start":{"line":96,"column":12},"end":{"line":96,"column":33}},"41":{"start":{"line":98,"column":12},"end":{"line":98,"column":46}},"42":{"start":{"line":100,"column":12},"end":{"line":105,"column":13}},"43":{"start":{"line":101,"column":16},"end":{"line":104,"column":19}},"44":{"start":{"line":108,"column":16},"end":{"line":110,"column":65}},"45":{"start":{"line":112,"column":12},"end":{"line":112,"column":54}},"46":{"start":{"line":114,"column":12},"end":{"line":114,"column":34}},"47":{"start":{"line":119,"column":8},"end":{"line":119,"column":44}},"48":{"start":{"line":119,"column":37},"end":{"line":119,"column":44}},"49":{"start":{"line":121,"column":8},"end":{"line":142,"column":9}},"50":{"start":{"line":122,"column":12},"end":{"line":122,"column":33}},"51":{"start":{"line":124,"column":12},"end":{"line":128,"column":13}},"52":{"start":{"line":125,"column":16},"end":{"line":125,"column":46}},"53":{"start":{"line":127,"column":16},"end":{"line":127,"column":45}},"54":{"start":{"line":130,"column":12},"end":{"line":130,"column":23}},"55":{"start":{"line":131,"column":12},"end":{"line":131,"column":41}},"56":{"start":{"line":132,"column":12},"end":{"line":132,"column":38}},"57":{"start":{"line":135,"column":16},"end":{"line":137,"column":64}},"58":{"start":{"line":139,"column":12},"end":{"line":139,"column":57}},"59":{"start":{"line":141,"column":12},"end":{"line":141,"column":34}},"60":{"start":{"line":145,"column":4},"end":{"line":291,"column":6}},"61":{"start":{"line":163,"column":39},"end":{"line":163,"column":52}},"62":{"start":{"line":194,"column":39},"end":{"line":194,"column":64}},"63":{"start":{"line":197,"column":28},"end":{"line":216,"column":35}},"64":{"start":{"line":225,"column":28},"end":{"line":225,"column":81}},"65":{"start":{"line":294,"column":15},"end":{"line":384,"column":2}}},"fnMap":{"0":{"name":"getParam","decl":{"start":{"line":28,"column":9},"end":{"line":28,"column":17}},"loc":{"start":{"line":28,"column":64},"end":{"line":30,"column":1}},"line":28},"1":{"name":"formatCountdown","decl":{"start":{"line":32,"column":9},"end":{"line":32,"column":24}},"loc":{"start":{"line":32,"column":50},"end":{"line":37,"column":1}},"line":32},"2":{"name":"VerifyOtpScreen","decl":{"start":{"line":39,"column":24},"end":{"line":39,"column":39}},"loc":{"start":{"line":39,"column":42},"end":{"line":292,"column":1}},"line":39},"3":{"name":"(anonymous_3)","decl":{"start":{"line":61,"column":8},"end":{"line":61,"column":9}},"loc":{"start":{"line":62,"column":12},"end":{"line":62,"column":78}},"line":62},"4":{"name":"(anonymous_4)","decl":{"start":{"line":62,"column":47},"end":{"line":62,"column":48}},"loc":{"start":{"line":62,"column":61},"end":{"line":62,"column":77}},"line":62},"5":{"name":"(anonymous_5)","decl":{"start":{"line":66,"column":14},"end":{"line":66,"column":15}},"loc":{"start":{"line":66,"column":20},"end":{"line":74,"column":5}},"line":66},"6":{"name":"(anonymous_6)","decl":{"start":{"line":69,"column":34},"end":{"line":69,"column":35}},"loc":{"start":{"line":69,"column":40},"end":{"line":71,"column":9}},"line":69},"7":{"name":"(anonymous_7)","decl":{"start":{"line":70,"column":25},"end":{"line":70,"column":26}},"loc":{"start":{"line":70,"column":38},"end":{"line":70,"column":62}},"line":70},"8":{"name":"(anonymous_8)","decl":{"start":{"line":73,"column":15},"end":{"line":73,"column":16}},"loc":{"start":{"line":73,"column":21},"end":{"line":73,"column":41}},"line":73},"9":{"name":"(anonymous_9)","decl":{"start":{"line":76,"column":14},"end":{"line":76,"column":15}},"loc":{"start":{"line":76,"column":20},"end":{"line":82,"column":5}},"line":76},"10":{"name":"(anonymous_10)","decl":{"start":{"line":77,"column":35},"end":{"line":77,"column":36}},"loc":{"start":{"line":77,"column":41},"end":{"line":79,"column":9}},"line":77},"11":{"name":"(anonymous_11)","decl":{"start":{"line":81,"column":15},"end":{"line":81,"column":16}},"loc":{"start":{"line":81,"column":21},"end":{"line":81,"column":42}},"line":81},"12":{"name":"handleVerifyOtp","decl":{"start":{"line":84,"column":19},"end":{"line":84,"column":34}},"loc":{"start":{"line":84,"column":37},"end":{"line":116,"column":5}},"line":84},"13":{"name":"handleResendOtp","decl":{"start":{"line":118,"column":19},"end":{"line":118,"column":34}},"loc":{"start":{"line":118,"column":37},"end":{"line":143,"column":5}},"line":118},"14":{"name":"(anonymous_14)","decl":{"start":{"line":163,"column":33},"end":{"line":163,"column":34}},"loc":{"start":{"line":163,"column":39},"end":{"line":163,"column":52}},"line":163},"15":{"name":"(anonymous_15)","decl":{"start":{"line":194,"column":33},"end":{"line":194,"column":34}},"loc":{"start":{"line":194,"column":39},"end":{"line":194,"column":64}},"line":194},"16":{"name":"(anonymous_16)","decl":{"start":{"line":196,"column":39},"end":{"line":196,"column":40}},"loc":{"start":{"line":197,"column":28},"end":{"line":216,"column":35}},"line":197},"17":{"name":"(anonymous_17)","decl":{"start":{"line":224,"column":38},"end":{"line":224,"column":39}},"loc":{"start":{"line":225,"column":28},"end":{"line":225,"column":81}},"line":225}},"branchMap":{"0":{"loc":{"start":{"line":29,"column":11},"end":{"line":29,"column":62}},"type":"cond-expr","locations":[{"start":{"line":29,"column":34},"end":{"line":29,"column":48}},{"start":{"line":29,"column":51},"end":{"line":29,"column":62}}],"line":29},"1":{"loc":{"start":{"line":29,"column":34},"end":{"line":29,"column":48}},"type":"binary-expr","locations":[{"start":{"line":29,"column":34},"end":{"line":29,"column":42}},{"start":{"line":29,"column":46},"end":{"line":29,"column":48}}],"line":29},"2":{"loc":{"start":{"line":29,"column":51},"end":{"line":29,"column":62}},"type":"binary-expr","locations":[{"start":{"line":29,"column":51},"end":{"line":29,"column":56}},{"start":{"line":29,"column":60},"end":{"line":29,"column":62}}],"line":29},"3":{"loc":{"start":{"line":50,"column":17},"end":{"line":50,"column":72}},"type":"cond-expr","locations":[{"start":{"line":50,"column":54},"end":{"line":50,"column":62}},{"start":{"line":50,"column":65},"end":{"line":50,"column":72}}],"line":50},"4":{"loc":{"start":{"line":62,"column":61},"end":{"line":62,"column":77}},"type":"binary-expr","locations":[{"start":{"line":62,"column":61},"end":{"line":62,"column":71}},{"start":{"line":62,"column":75},"end":{"line":62,"column":77}}],"line":62},"5":{"loc":{"start":{"line":67,"column":8},"end":{"line":67,"column":35}},"type":"if","locations":[{"start":{"line":67,"column":8},"end":{"line":67,"column":35}},{"start":{},"end":{}}],"line":67},"6":{"loc":{"start":{"line":85,"column":8},"end":{"line":88,"column":9}},"type":"if","locations":[{"start":{"line":85,"column":8},"end":{"line":88,"column":9}},{"start":{},"end":{}}],"line":85},"7":{"loc":{"start":{"line":90,"column":8},"end":{"line":93,"column":9}},"type":"if","locations":[{"start":{"line":90,"column":8},"end":{"line":93,"column":9}},{"start":{},"end":{}}],"line":90},"8":{"loc":{"start":{"line":100,"column":12},"end":{"line":105,"column":13}},"type":"if","locations":[{"start":{"line":100,"column":12},"end":{"line":105,"column":13}},{"start":{},"end":{}}],"line":100},"9":{"loc":{"start":{"line":108,"column":16},"end":{"line":110,"column":65}},"type":"cond-expr","locations":[{"start":{"line":109,"column":22},"end":{"line":109,"column":35}},{"start":{"line":110,"column":22},"end":{"line":110,"column":65}}],"line":108},"10":{"loc":{"start":{"line":119,"column":8},"end":{"line":119,"column":44}},"type":"if","locations":[{"start":{"line":119,"column":8},"end":{"line":119,"column":44}},{"start":{},"end":{}}],"line":119},"11":{"loc":{"start":{"line":119,"column":12},"end":{"line":119,"column":35}},"type":"binary-expr","locations":[{"start":{"line":119,"column":12},"end":{"line":119,"column":18}},{"start":{"line":119,"column":22},"end":{"line":119,"column":35}}],"line":119},"12":{"loc":{"start":{"line":124,"column":12},"end":{"line":128,"column":13}},"type":"if","locations":[{"start":{"line":124,"column":12},"end":{"line":128,"column":13}},{"start":{"line":126,"column":19},"end":{"line":128,"column":13}}],"line":124},"13":{"loc":{"start":{"line":135,"column":16},"end":{"line":137,"column":64}},"type":"cond-expr","locations":[{"start":{"line":136,"column":22},"end":{"line":136,"column":35}},{"start":{"line":137,"column":22},"end":{"line":137,"column":64}}],"line":135},"14":{"loc":{"start":{"line":154,"column":26},"end":{"line":154,"column":71}},"type":"cond-expr","locations":[{"start":{"line":154,"column":50},"end":{"line":154,"column":59}},{"start":{"line":154,"column":62},"end":{"line":154,"column":71}}],"line":154},"15":{"loc":{"start":{"line":239,"column":28},"end":{"line":240,"column":49}},"type":"binary-expr","locations":[{"start":{"line":239,"column":29},"end":{"line":239,"column":54}},{"start":{"line":239,"column":58},"end":{"line":239,"column":69}},{"start":{"line":240,"column":28},"end":{"line":240,"column":49}}],"line":239},"16":{"loc":{"start":{"line":243,"column":34},"end":{"line":243,"column":74}},"type":"binary-expr","locations":[{"start":{"line":243,"column":34},"end":{"line":243,"column":59}},{"start":{"line":243,"column":63},"end":{"line":243,"column":74}}],"line":243},"17":{"loc":{"start":{"line":245,"column":25},"end":{"line":249,"column":25}},"type":"cond-expr","locations":[{"start":{"line":246,"column":28},"end":{"line":246,"column":62}},{"start":{"line":248,"column":28},"end":{"line":248,"column":85}}],"line":245},"18":{"loc":{"start":{"line":262,"column":25},"end":{"line":286,"column":25}},"type":"cond-expr","locations":[{"start":{"line":263,"column":28},"end":{"line":271,"column":35}},{"start":{"line":273,"column":28},"end":{"line":285,"column":40}}],"line":262},"19":{"loc":{"start":{"line":283,"column":37},"end":{"line":283,"column":80}},"type":"cond-expr","locations":[{"start":{"line":283,"column":51},"end":{"line":283,"column":64}},{"start":{"line":283,"column":67},"end":{"line":283,"column":80}}],"line":283}},"s":{"0":1,"1":1,"2":60,"3":20,"4":20,"5":20,"6":20,"7":20,"8":20,"9":20,"10":20,"11":20,"12":20,"13":20,"14":20,"15":20,"16":20,"17":20,"18":14,"19":84,"20":20,"21":10,"22":0,"23":10,"24":0,"25":0,"26":10,"27":10,"28":20,"29":10,"30":0,"31":10,"32":10,"33":3,"34":0,"35":0,"36":3,"37":0,"38":0,"39":3,"40":3,"41":3,"42":2,"43":1,"44":1,"45":1,"46":3,"47":0,"48":0,"49":0,"50":0,"51":0,"52":0,"53":0,"54":0,"55":0,"56":0,"57":0,"58":0,"59":0,"60":20,"61":0,"62":0,"63":120,"64":4,"65":1},"f":{"0":60,"1":20,"2":20,"3":14,"4":84,"5":10,"6":0,"7":0,"8":10,"9":10,"10":0,"11":10,"12":3,"13":0,"14":0,"15":0,"16":120,"17":4},"b":{"0":[0,60],"1":[0,0],"2":[60,20],"3":[4,16],"4":[84,60],"5":[0,10],"6":[0,3],"7":[0,3],"8":[1,1],"9":[1,0],"10":[0,0],"11":[0,0],"12":[0,0],"13":[0,0],"14":[20,0],"15":[20,10,13],"16":[20,10],"17":[3,17],"18":[20,0],"19":[0,0]},"_coverageSchema":"1a1c01bbd47fc00a2c39e90264f33305004495a9","hash":"54f7bbe19d8722172e8fb9e16c8003b003d91873"}
}
