TN:
SF:app\(admin)\index.tsx
FN:30,AdminOrdersScreen
FN:34,(anonymous_1)
FN:39,(anonymous_2)
FN:54,(anonymous_3)
FN:64,(anonymous_4)
FN:90,(anonymous_5)
FN:100,AdminOrderCard
FN:109,(anonymous_7)
FN:135,getStatusPresentation
FN:176,formatLongDate
FNF:10
FNH:3
FNDA:2,AdminOrdersScreen
FNDA:2,(anonymous_1)
FNDA:0,(anonymous_2)
FNDA:8,(anonymous_3)
FNDA:0,(anonymous_4)
FNDA:0,(anonymous_5)
FNDA:0,AdminOrderCard
FNDA:0,(anonymous_7)
FNDA:0,getStatusPresentation
FNDA:0,formatLongDate
DA:23,1
DA:31,2
DA:32,2
DA:34,2
DA:35,2
DA:36,2
DA:39,0
DA:42,2
DA:55,8
DA:57,8
DA:64,0
DA:91,0
DA:101,0
DA:103,0
DA:106,0
DA:109,0
DA:136,0
DA:138,0
DA:144,0
DA:150,0
DA:156,0
DA:162,0
DA:168,0
DA:177,0
DA:184,1
LF:25
LH:10
BRDA:31,0,0,0
BRDA:35,1,0,2
BRDA:35,1,1,0
BRDA:62,2,0,8
BRDA:62,2,1,2
BRDA:69,3,0,8
BRDA:69,3,1,2
BRDA:79,4,0,0
BRDA:79,4,1,2
BRDA:83,5,0,2
BRDA:83,5,1,0
BRDA:103,6,0,0
BRDA:103,6,1,0
BRDA:127,7,0,0
BRDA:127,7,1,0
BRDA:136,8,0,0
BRDA:136,8,1,0
BRDA:136,8,2,0
BRDA:136,8,3,0
BRDA:136,8,4,0
BRDA:136,8,5,0
BRF:21
BRH:7
end_of_record
TN:
SF:app\(app)\index.tsx
FN:21,MyOrdersScreen
FN:28,(anonymous_1)
FN:30,(anonymous_2)
FN:60,(anonymous_3)
FN:76,(anonymous_4)
FN:87,(anonymous_5)
FN:129,(anonymous_6)
FN:139,(anonymous_7)
FN:147,OrderCard
FN:155,(anonymous_9)
FN:195,getStatusLabel
FN:206,formatSchedule
FN:219,formatDate
FNF:13
FNH:8
FNDA:11,MyOrdersScreen
FNDA:1,(anonymous_1)
FNDA:3,(anonymous_2)
FNDA:0,(anonymous_3)
FNDA:0,(anonymous_4)
FNDA:0,(anonymous_5)
FNDA:2,(anonymous_6)
FNDA:0,(anonymous_7)
FNDA:2,OrderCard
FNDA:0,(anonymous_9)
FNDA:2,getStatusLabel
FNDA:2,formatSchedule
FNDA:2,formatDate
DA:19,1
DA:22,11
DA:23,11
DA:24,11
DA:26,11
DA:27,11
DA:28,1
DA:30,11
DA:31,3
DA:36,11
DA:60,0
DA:76,0
DA:87,0
DA:130,2
DA:139,0
DA:148,2
DA:150,2
DA:152,2
DA:155,0
DA:196,2
DA:198,0
DA:200,0
DA:202,2
DA:207,2
DA:209,2
DA:210,0
DA:213,2
DA:220,2
DA:227,1
LF:29
LH:21
BRDA:22,0,0,0
BRDA:24,1,0,0
BRDA:26,2,0,11
BRDA:26,2,1,1
BRDA:52,3,0,1
BRDA:52,3,1,10
BRDA:67,4,0,1
BRDA:67,4,1,10
BRDA:111,5,0,1
BRDA:111,5,1,10
BRDA:119,6,0,8
BRDA:119,6,1,2
BRDA:150,7,0,2
BRDA:150,7,1,0
BRDA:173,8,0,2
BRDA:173,8,1,0
BRDA:196,9,0,0
BRDA:196,9,1,0
BRDA:196,9,2,2
BRDA:209,10,0,0
BRDA:209,10,1,2
BRDA:209,11,0,2
BRDA:209,11,1,2
BRF:23
BRH:16
end_of_record
TN:
SF:app\(app)\settings.tsx
FN:15,SettingsScreen
FN:72,ScreenHeader
FN:78,(anonymous_2)
FN:90,SettingRow
FN:98,(anonymous_4)
FN:121,Divider
FNF:6
FNH:6
FNDA:14,SettingsScreen
FNDA:14,ScreenHeader
FNDA:1,(anonymous_2)
FNDA:70,SettingRow
FNDA:1,(anonymous_4)
FNDA:42,Divider
DA:16,14
DA:18,14
DA:73,14
DA:78,1
DA:97,70
DA:98,1
DA:122,42
DA:125,1
LF:8
LH:8
BRDA:105,0,0,28
BRDA:105,0,1,42
BRDA:110,1,0,42
BRDA:110,1,1,28
BRDA:114,2,0,56
BRDA:114,2,1,14
BRF:6
BRH:6
end_of_record
TN:
SF:app\(auth)\login.tsx
FN:23,LoginScreen
FN:31,(anonymous_1)
FN:40,handleRequestOtp
FN:67,handleSellerDevLogin
FN:83,handleAdminDevLogin
FNF:5
FNH:3
FNDA:18,LoginScreen
FNDA:12,(anonymous_1)
FNDA:3,handleRequestOtp
FNDA:0,handleSellerDevLogin
FNDA:0,handleAdminDevLogin
DA:24,18
DA:25,18
DA:27,18
DA:28,18
DA:30,18
DA:31,12
DA:36,18
DA:41,3
DA:43,3
DA:44,3
DA:46,3
DA:48,2
DA:57,1
DA:61,1
DA:63,3
DA:68,0
DA:69,0
DA:70,0
DA:71,0
DA:74,0
DA:78,0
DA:84,0
DA:85,0
DA:86,0
DA:87,0
DA:90,0
DA:94,0
DA:99,18
DA:242,1
LF:29
LH:17
BRDA:36,0,0,18
BRDA:36,0,1,10
BRDA:36,0,2,10
BRDA:41,1,0,0
BRDA:41,1,1,3
BRDA:57,2,0,1
BRDA:57,2,1,0
BRDA:74,3,0,0
BRDA:74,3,1,0
BRDA:90,4,0,0
BRDA:90,4,1,0
BRDA:108,5,0,18
BRDA:108,5,1,0
BRDA:173,6,0,18
BRDA:173,6,1,11
BRDA:178,7,0,3
BRDA:178,7,1,15
BRDA:192,8,0,3
BRDA:192,8,1,15
BRDA:205,9,0,3
BRDA:205,9,1,15
BRF:21
BRH:14
end_of_record
TN:
SF:app\(auth)\verify-otp.tsx
FN:28,getParam
FN:32,formatCountdown
FN:39,VerifyOtpScreen
FN:61,(anonymous_3)
FN:62,(anonymous_4)
FN:66,(anonymous_5)
FN:69,(anonymous_6)
FN:70,(anonymous_7)
FN:73,(anonymous_8)
FN:76,(anonymous_9)
FN:77,(anonymous_10)
FN:81,(anonymous_11)
FN:84,handleVerifyOtp
FN:118,handleResendOtp
FN:163,(anonymous_14)
FN:194,(anonymous_15)
FN:196,(anonymous_16)
FN:224,(anonymous_17)
FNF:18
FNH:12
FNDA:60,getParam
FNDA:20,formatCountdown
FNDA:20,VerifyOtpScreen
FNDA:14,(anonymous_3)
FNDA:84,(anonymous_4)
FNDA:10,(anonymous_5)
FNDA:0,(anonymous_6)
FNDA:0,(anonymous_7)
FNDA:10,(anonymous_8)
FNDA:10,(anonymous_9)
FNDA:0,(anonymous_10)
FNDA:10,(anonymous_11)
FNDA:3,handleVerifyOtp
FNDA:0,handleResendOtp
FNDA:0,(anonymous_14)
FNDA:0,(anonymous_15)
FNDA:120,(anonymous_16)
FNDA:4,(anonymous_17)
DA:25,1
DA:26,1
DA:29,60
DA:33,20
DA:34,20
DA:36,20
DA:40,20
DA:41,20
DA:43,20
DA:49,20
DA:50,20
DA:51,20
DA:53,20
DA:55,20
DA:56,20
DA:57,20
DA:58,20
DA:60,20
DA:62,84
DA:66,20
DA:67,10
DA:69,10
DA:70,0
DA:73,10
DA:76,20
DA:77,10
DA:78,0
DA:81,10
DA:85,3
DA:86,0
DA:87,0
DA:90,3
DA:91,0
DA:92,0
DA:95,3
DA:96,3
DA:98,3
DA:100,2
DA:101,1
DA:108,1
DA:112,1
DA:114,3
DA:119,0
DA:121,0
DA:122,0
DA:124,0
DA:125,0
DA:127,0
DA:130,0
DA:131,0
DA:132,0
DA:135,0
DA:139,0
DA:141,0
DA:145,20
DA:163,0
DA:194,0
DA:197,120
DA:225,4
DA:294,1
LF:60
LH:40
BRDA:29,0,0,0
BRDA:29,0,1,60
BRDA:29,1,0,0
BRDA:29,1,1,0
BRDA:29,2,0,60
BRDA:29,2,1,20
BRDA:50,3,0,4
BRDA:50,3,1,16
BRDA:62,4,0,84
BRDA:62,4,1,60
BRDA:67,5,0,0
BRDA:67,5,1,10
BRDA:85,6,0,0
BRDA:85,6,1,3
BRDA:90,7,0,0
BRDA:90,7,1,3
BRDA:100,8,0,1
BRDA:100,8,1,1
BRDA:108,9,0,1
BRDA:108,9,1,0
BRDA:119,10,0,0
BRDA:119,10,1,0
BRDA:119,11,0,0
BRDA:119,11,1,0
BRDA:124,12,0,0
BRDA:124,12,1,0
BRDA:135,13,0,0
BRDA:135,13,1,0
BRDA:154,14,0,20
BRDA:154,14,1,0
BRDA:239,15,0,20
BRDA:239,15,1,10
BRDA:239,15,2,13
BRDA:243,16,0,20
BRDA:243,16,1,10
BRDA:245,17,0,3
BRDA:245,17,1,17
BRDA:262,18,0,20
BRDA:262,18,1,0
BRDA:283,19,0,0
BRDA:283,19,1,0
BRF:41
BRH:22
end_of_record
